<?xml version="1.0" encoding="UTF-8"?>
<testsuite xmlns:xsi="http://www.w3.org/2001/XMLSchema-instance" xsi:noNamespaceSchemaLocation="https://maven.apache.org/surefire/maven-surefire-plugin/xsd/surefire-test-report.xsd" name="com.lambda.io.lambda_hello_world.AppTest" time="0.013" tests="1" errors="0" skipped="0" failures="0">
  <properties>
    <property name="java.specification.version" value="17"/>
    <property name="sun.jnu.encoding" value="UTF-8"/>
    <property name="java.class.path" value="/Users/balajisoundarrajan/Balaji/MyWork/AWS_Course/Workspace/aws-lambda-apps/target/test-classes:/Users/balajisoundarrajan/Balaji/MyWork/AWS_Course/Workspace/aws-lambda-apps/target/classes:/Users/balajisoundarrajan/.m2/repository/com/amazonaws/aws-lambda-java-events/3.11.0/aws-lambda-java-events-3.11.0.jar:/Users/balajisoundarrajan/.m2/repository/joda-time/joda-time/2.6/joda-time-2.6.jar:/Users/balajisoundarrajan/.m2/repository/com/amazonaws/aws-lambda-java-core/1.2.1/aws-lambda-java-core-1.2.1.jar:/Users/balajisoundarrajan/.m2/repository/com/amazonaws/aws-java-sdk-s3/1.12.248/aws-java-sdk-s3-1.12.248.jar:/Users/balajisoundarrajan/.m2/repository/com/amazonaws/aws-java-sdk-kms/1.12.248/aws-java-sdk-kms-1.12.248.jar:/Users/balajisoundarrajan/.m2/repository/com/amazonaws/aws-java-sdk-core/1.12.248/aws-java-sdk-core-1.12.248.jar:/Users/balajisoundarrajan/.m2/repository/commons-logging/commons-logging/1.1.3/commons-logging-1.1.3.jar:/Users/balajisoundarrajan/.m2/repository/commons-codec/commons-codec/1.15/commons-codec-1.15.jar:/Users/balajisoundarrajan/.m2/repository/org/apache/httpcomponents/httpclient/4.5.13/httpclient-4.5.13.jar:/Users/balajisoundarrajan/.m2/repository/org/apache/httpcomponents/httpcore/4.4.13/httpcore-4.4.13.jar:/Users/balajisoundarrajan/.m2/repository/software/amazon/ion/ion-java/1.0.2/ion-java-1.0.2.jar:/Users/balajisoundarrajan/.m2/repository/com/fasterxml/jackson/core/jackson-databind/2.12.6.1/jackson-databind-2.12.6.1.jar:/Users/balajisoundarrajan/.m2/repository/com/fasterxml/jackson/core/jackson-annotations/2.12.6/jackson-annotations-2.12.6.jar:/Users/balajisoundarrajan/.m2/repository/com/fasterxml/jackson/core/jackson-core/2.12.6/jackson-core-2.12.6.jar:/Users/balajisoundarrajan/.m2/repository/com/fasterxml/jackson/dataformat/jackson-dataformat-cbor/2.12.6/jackson-dataformat-cbor-2.12.6.jar:/Users/balajisoundarrajan/.m2/repository/com/amazonaws/jmespath-java/1.12.248/jmespath-java-1.12.248.jar:/Users/balajisoundarrajan/.m2/repository/org/json/json/20220320/json-20220320.jar:/Users/balajisoundarrajan/.m2/repository/com/google/code/gson/gson/2.9.0/gson-2.9.0.jar:/Users/balajisoundarrajan/.m2/repository/junit/junit/4.11/junit-4.11.jar:/Users/balajisoundarrajan/.m2/repository/org/hamcrest/hamcrest-core/1.3/hamcrest-core-1.3.jar:"/>
    <property name="java.vm.vendor" value="Oracle Corporation"/>
    <property name="sun.arch.data.model" value="64"/>
    <property name="java.vendor.url" value="https://java.oracle.com/"/>
    <property name="os.name" value="Mac OS X"/>
    <property name="java.vm.specification.version" value="17"/>
    <property name="sun.java.launcher" value="SUN_STANDARD"/>
    <property name="user.country" value="US"/>
    <property name="sun.boot.library.path" value="/Library/Java/JavaVirtualMachines/jdk-17.0.2.jdk/Contents/Home/lib"/>
    <property name="sun.java.command" value="/Users/balajisoundarrajan/Balaji/MyWork/AWS_Course/Workspace/aws-lambda-apps/target/surefire/surefirebooter11148519066958148407.jar /Users/balajisoundarrajan/Balaji/MyWork/AWS_Course/Workspace/aws-lambda-apps/target/surefire 2022-07-07T23-02-45_779-jvmRun1 surefire16135264342789873431tmp surefire_0145098306630717276tmp"/>
    <property name="http.nonProxyHosts" value="local|*.local|169.254/16|*.169.254/16"/>
    <property name="jdk.debug" value="release"/>
    <property name="surefire.test.class.path" value="/Users/balajisoundarrajan/Balaji/MyWork/AWS_Course/Workspace/aws-lambda-apps/target/test-classes:/Users/balajisoundarrajan/Balaji/MyWork/AWS_Course/Workspace/aws-lambda-apps/target/classes:/Users/balajisoundarrajan/.m2/repository/com/amazonaws/aws-lambda-java-events/3.11.0/aws-lambda-java-events-3.11.0.jar:/Users/balajisoundarrajan/.m2/repository/joda-time/joda-time/2.6/joda-time-2.6.jar:/Users/balajisoundarrajan/.m2/repository/com/amazonaws/aws-lambda-java-core/1.2.1/aws-lambda-java-core-1.2.1.jar:/Users/balajisoundarrajan/.m2/repository/com/amazonaws/aws-java-sdk-s3/1.12.248/aws-java-sdk-s3-1.12.248.jar:/Users/balajisoundarrajan/.m2/repository/com/amazonaws/aws-java-sdk-kms/1.12.248/aws-java-sdk-kms-1.12.248.jar:/Users/balajisoundarrajan/.m2/repository/com/amazonaws/aws-java-sdk-core/1.12.248/aws-java-sdk-core-1.12.248.jar:/Users/balajisoundarrajan/.m2/repository/commons-logging/commons-logging/1.1.3/commons-logging-1.1.3.jar:/Users/balajisoundarrajan/.m2/repository/commons-codec/commons-codec/1.15/commons-codec-1.15.jar:/Users/balajisoundarrajan/.m2/repository/org/apache/httpcomponents/httpclient/4.5.13/httpclient-4.5.13.jar:/Users/balajisoundarrajan/.m2/repository/org/apache/httpcomponents/httpcore/4.4.13/httpcore-4.4.13.jar:/Users/balajisoundarrajan/.m2/repository/software/amazon/ion/ion-java/1.0.2/ion-java-1.0.2.jar:/Users/balajisoundarrajan/.m2/repository/com/fasterxml/jackson/core/jackson-databind/2.12.6.1/jackson-databind-2.12.6.1.jar:/Users/balajisoundarrajan/.m2/repository/com/fasterxml/jackson/core/jackson-annotations/2.12.6/jackson-annotations-2.12.6.jar:/Users/balajisoundarrajan/.m2/repository/com/fasterxml/jackson/core/jackson-core/2.12.6/jackson-core-2.12.6.jar:/Users/balajisoundarrajan/.m2/repository/com/fasterxml/jackson/dataformat/jackson-dataformat-cbor/2.12.6/jackson-dataformat-cbor-2.12.6.jar:/Users/balajisoundarrajan/.m2/repository/com/amazonaws/jmespath-java/1.12.248/jmespath-java-1.12.248.jar:/Users/balajisoundarrajan/.m2/repository/org/json/json/20220320/json-20220320.jar:/Users/balajisoundarrajan/.m2/repository/com/google/code/gson/gson/2.9.0/gson-2.9.0.jar:/Users/balajisoundarrajan/.m2/repository/junit/junit/4.11/junit-4.11.jar:/Users/balajisoundarrajan/.m2/repository/org/hamcrest/hamcrest-core/1.3/hamcrest-core-1.3.jar:"/>
    <property name="sun.cpu.endian" value="little"/>
    <property name="user.home" value="/Users/balajisoundarrajan"/>
    <property name="user.language" value="en"/>
    <property name="java.specification.vendor" value="Oracle Corporation"/>
    <property name="java.version.date" value="2022-01-18"/>
    <property name="java.home" value="/Library/Java/JavaVirtualMachines/jdk-17.0.2.jdk/Contents/Home"/>
    <property name="file.separator" value="/"/>
    <property name="basedir" value="/Users/balajisoundarrajan/Balaji/MyWork/AWS_Course/Workspace/aws-lambda-apps"/>
    <property name="java.vm.compressedOopsMode" value="Zero based"/>
    <property name="line.separator" value="&#10;"/>
    <property name="java.specification.name" value="Java Platform API Specification"/>
    <property name="java.vm.specification.vendor" value="Oracle Corporation"/>
    <property name="surefire.real.class.path" value="/Users/balajisoundarrajan/Balaji/MyWork/AWS_Course/Workspace/aws-lambda-apps/target/surefire/surefirebooter11148519066958148407.jar"/>
    <property name="sun.management.compiler" value="HotSpot 64-Bit Tiered Compilers"/>
    <property name="ftp.nonProxyHosts" value="local|*.local|169.254/16|*.169.254/16"/>
    <property name="java.runtime.version" value="17.0.2+8-LTS-86"/>
    <property name="user.name" value="balajisoundarrajan"/>
    <property name="path.separator" value=":"/>
    <property name="os.version" value="12.4"/>
    <property name="java.runtime.name" value="Java(TM) SE Runtime Environment"/>
    <property name="file.encoding" value="UTF-8"/>
    <property name="java.vm.name" value="Java HotSpot(TM) 64-Bit Server VM"/>
    <property name="localRepository" value="/Users/balajisoundarrajan/.m2/repository"/>
    <property name="java.vendor.url.bug" value="https://bugreport.java.com/bugreport/"/>
    <property name="java.io.tmpdir" value="/var/folders/9x/g4xqclg11x35hggmw29xp0jh0000gn/T/"/>
    <property name="idea.version" value="2021.3.2"/>
    <property name="java.version" value="17.0.2"/>
    <property name="user.dir" value="/Users/balajisoundarrajan/Balaji/MyWork/AWS_Course/Workspace/aws-lambda-apps"/>
    <property name="os.arch" value="aarch64"/>
    <property name="java.vm.specification.name" value="Java Virtual Machine Specification"/>
    <property name="native.encoding" value="UTF-8"/>
    <property name="java.library.path" value="/Users/balajisoundarrajan/Library/Java/Extensions:/Library/Java/Extensions:/Network/Library/Java/Extensions:/System/Library/Java/Extensions:/usr/lib/java:."/>
    <property name="java.vm.info" value="mixed mode, sharing"/>
    <property name="java.vendor" value="Oracle Corporation"/>
    <property name="java.vm.version" value="17.0.2+8-LTS-86"/>
    <property name="sun.io.unicode.encoding" value="UnicodeBig"/>
    <property name="socksNonProxyHosts" value="local|*.local|169.254/16|*.169.254/16"/>
    <property name="java.class.version" value="61.0"/>
  </properties>
  <testcase name="shouldAnswerWithTrue" classname="com.lambda.io.lambda_hello_world.AppTest" time="0.001"/>
</testsuite>